<html>
<head>
<title>TestNG:  RestClientTest</title>
<link href="../testng.css" rel="stylesheet" type="text/css" />
<link href="../my-testng.css" rel="stylesheet" type="text/css" />

<style type="text/css">
.log { display: none;} 
.stack-trace { display: none;} 
</style>
<script type="text/javascript">
<!--
function flip(e) {
  current = e.style.display;
  if (current == 'block') {
    e.style.display = 'none';
    return 0;
  }
  else {
    e.style.display = 'block';
    return 1;
  }
}

function toggleBox(szDivId, elem, msg1, msg2)
{
  var res = -1;  if (document.getElementById) {
    res = flip(document.getElementById(szDivId));
  }
  else if (document.all) {
    // this is the way old msie versions work
    res = flip(document.all[szDivId]);
  }
  if(elem) {
    if(res == 0) elem.innerHTML = msg1; else elem.innerHTML = msg2;
  }

}

function toggleAllBoxes() {
  if (document.getElementsByTagName) {
    d = document.getElementsByTagName('div');
    for (i = 0; i < d.length; i++) {
      if (d[i].className == 'log') {
        flip(d[i]);
      }
    }
  }
}

// -->
</script>

</head>
<body>
<h2 align='center'>RestClientTest</h2><table border='1' align="center">
<tr>
<td>Tests passed/Failed/Skipped:</td><td>0/9/0</td>
</tr><tr>
<td>Started on:</td><td>Tue Nov 14 13:56:29 EET 2017</td>
</tr>
<tr><td>Total time:</td><td>18 seconds (18519 ms)</td>
</tr><tr>
<td>Included groups:</td><td></td>
</tr><tr>
<td>Excluded groups:</td><td></td>
</tr>
</table><p/>
<small><i>(Hover the method name to see the test class name)</i></small><p/>
<table width='100%' border='1' class='invocation-failed'>
<tr><td colspan='4' align='center'><b>FAILED TESTS</b></td></tr>
<tr><td><b>Test method</b></td>
<td width="30%"><b>Exception</b></td>
<td width="10%"><b>Time (seconds)</b></td>
<td><b>Instance</b></td>
</tr>
<tr>
<td title='com.epam.lab.restClient.RESTClientTest.maxBackDistanceTest()'><b>maxBackDistanceTest</b><br>Test class: com.epam.lab.restClient.RESTClientTest<br/>
<a href="#Output-1119072377" onClick='toggleBox("Output-1119072377", this, "Show output", "Hide output");'>Show output</a>

<a href="#Output-1119072377" onClick="toggleAllBoxes();">Show all outputs</a>
<div class='log' id="Output-1119072377">
<p>[13:56:31 INFO] Test : maxBackDistanceTest , Method : RESTClientTest.maxBackDistanceTest()[pri:0, instance:com.epam.lab.restClient.RESTClientTest@62379589], Started in : 2017-11-14 13:56:31  
</p><br/>
<p>[13:56:32 ERROR] Test : maxBackDistanceTest , Method : RESTClientTest.maxBackDistanceTest()[pri:0, instance:com.epam.lab.restClient.RESTClientTest@62379589] failed in : 2017-11-14 13:56:32  
</p><br/>
</div>
</td>
<td><div><pre>java.lang.NullPointerException
	at com.epam.lab.restClient.RESTClientTest.maxBackDistanceTest(RESTClientTest.java:114)
... Removed 28 stack frames</pre></div><a href='#' onClick='toggleBox("stack-trace1119072377", this, "Click to show all stack frames", "Click to hide stack frames")'>Click to show all stack frames</a>
<div class='stack-trace' id='stack-trace1119072377'><pre>java.lang.NullPointerException
	at com.epam.lab.restClient.RESTClientTest.maxBackDistanceTest(RESTClientTest.java:114)
	at java.base/jdk.internal.reflect.NativeMethodAccessorImpl.invoke0(Native Method)
	at java.base/jdk.internal.reflect.NativeMethodAccessorImpl.invoke(NativeMethodAccessorImpl.java:62)
	at java.base/jdk.internal.reflect.DelegatingMethodAccessorImpl.invoke(DelegatingMethodAccessorImpl.java:43)
	at java.base/java.lang.reflect.Method.invoke(Method.java:564)
	at org.testng.internal.MethodInvocationHelper.invokeMethod(MethodInvocationHelper.java:108)
	at org.testng.internal.Invoker.invokeMethod(Invoker.java:661)
	at org.testng.internal.Invoker.invokeTestMethod(Invoker.java:869)
	at org.testng.internal.Invoker.invokeTestMethods(Invoker.java:1193)
	at org.testng.internal.TestMethodWorker.invokeTestMethods(TestMethodWorker.java:126)
	at org.testng.internal.TestMethodWorker.run(TestMethodWorker.java:109)
	at org.testng.TestRunner.privateRun(TestRunner.java:744)
	at org.testng.TestRunner.run(TestRunner.java:602)
	at org.testng.SuiteRunner.runTest(SuiteRunner.java:380)
	at org.testng.SuiteRunner.runSequentially(SuiteRunner.java:375)
	at org.testng.SuiteRunner.privateRun(SuiteRunner.java:340)
	at org.testng.SuiteRunner.run(SuiteRunner.java:289)
	at org.testng.SuiteRunnerWorker.runSuite(SuiteRunnerWorker.java:52)
	at org.testng.SuiteRunnerWorker.run(SuiteRunnerWorker.java:86)
	at org.testng.TestNG.runSuitesSequentially(TestNG.java:1301)
	at org.testng.TestNG.runSuitesLocally(TestNG.java:1226)
	at org.testng.TestNG.runSuites(TestNG.java:1144)
	at org.testng.TestNG.run(TestNG.java:1115)
	at org.apache.maven.surefire.testng.TestNGExecutor.run(TestNGExecutor.java:281)
	at org.apache.maven.surefire.testng.TestNGXmlTestSuite.execute(TestNGXmlTestSuite.java:75)
	at org.apache.maven.surefire.testng.TestNGProvider.invoke(TestNGProvider.java:121)
	at org.apache.maven.surefire.booter.ForkedBooter.invokeProviderInSameClassLoader(ForkedBooter.java:290)
	at org.apache.maven.surefire.booter.ForkedBooter.runSuitesInProcess(ForkedBooter.java:242)
	at org.apache.maven.surefire.booter.ForkedBooter.main(ForkedBooter.java:121)
</pre></div></td>
<td>1</td>
<td>com.epam.lab.restClient.RESTClientTest@62379589</td></tr>
<tr>
<td title='com.epam.lab.restClient.RESTClientTest.maxDownRangeTest()'><b>maxDownRangeTest</b><br>Test class: com.epam.lab.restClient.RESTClientTest<br/>
<a href="#Output-171421438" onClick='toggleBox("Output-171421438", this, "Show output", "Hide output");'>Show output</a>

<a href="#Output-171421438" onClick="toggleAllBoxes();">Show all outputs</a>
<div class='log' id="Output-171421438">
<p>[13:56:33 INFO] Test : maxDownRangeTest , Method : RESTClientTest.maxDownRangeTest()[pri:0, instance:com.epam.lab.restClient.RESTClientTest@62379589], Started in : 2017-11-14 13:56:33  
</p><br/>
<p>[13:56:34 ERROR] Test : maxDownRangeTest , Method : RESTClientTest.maxDownRangeTest()[pri:0, instance:com.epam.lab.restClient.RESTClientTest@62379589] failed in : 2017-11-14 13:56:34  
</p><br/>
</div>
</td>
<td><div><pre>java.lang.NullPointerException
	at com.epam.lab.restClient.RESTClientTest.maxDownRangeTest(RESTClientTest.java:90)
... Removed 28 stack frames</pre></div><a href='#' onClick='toggleBox("stack-trace171421438", this, "Click to show all stack frames", "Click to hide stack frames")'>Click to show all stack frames</a>
<div class='stack-trace' id='stack-trace171421438'><pre>java.lang.NullPointerException
	at com.epam.lab.restClient.RESTClientTest.maxDownRangeTest(RESTClientTest.java:90)
	at java.base/jdk.internal.reflect.NativeMethodAccessorImpl.invoke0(Native Method)
	at java.base/jdk.internal.reflect.NativeMethodAccessorImpl.invoke(NativeMethodAccessorImpl.java:62)
	at java.base/jdk.internal.reflect.DelegatingMethodAccessorImpl.invoke(DelegatingMethodAccessorImpl.java:43)
	at java.base/java.lang.reflect.Method.invoke(Method.java:564)
	at org.testng.internal.MethodInvocationHelper.invokeMethod(MethodInvocationHelper.java:108)
	at org.testng.internal.Invoker.invokeMethod(Invoker.java:661)
	at org.testng.internal.Invoker.invokeTestMethod(Invoker.java:869)
	at org.testng.internal.Invoker.invokeTestMethods(Invoker.java:1193)
	at org.testng.internal.TestMethodWorker.invokeTestMethods(TestMethodWorker.java:126)
	at org.testng.internal.TestMethodWorker.run(TestMethodWorker.java:109)
	at org.testng.TestRunner.privateRun(TestRunner.java:744)
	at org.testng.TestRunner.run(TestRunner.java:602)
	at org.testng.SuiteRunner.runTest(SuiteRunner.java:380)
	at org.testng.SuiteRunner.runSequentially(SuiteRunner.java:375)
	at org.testng.SuiteRunner.privateRun(SuiteRunner.java:340)
	at org.testng.SuiteRunner.run(SuiteRunner.java:289)
	at org.testng.SuiteRunnerWorker.runSuite(SuiteRunnerWorker.java:52)
	at org.testng.SuiteRunnerWorker.run(SuiteRunnerWorker.java:86)
	at org.testng.TestNG.runSuitesSequentially(TestNG.java:1301)
	at org.testng.TestNG.runSuitesLocally(TestNG.java:1226)
	at org.testng.TestNG.runSuites(TestNG.java:1144)
	at org.testng.TestNG.run(TestNG.java:1115)
	at org.apache.maven.surefire.testng.TestNGExecutor.run(TestNGExecutor.java:281)
	at org.apache.maven.surefire.testng.TestNGXmlTestSuite.execute(TestNGXmlTestSuite.java:75)
	at org.apache.maven.surefire.testng.TestNGProvider.invoke(TestNGProvider.java:121)
	at org.apache.maven.surefire.booter.ForkedBooter.invokeProviderInSameClassLoader(ForkedBooter.java:290)
	at org.apache.maven.surefire.booter.ForkedBooter.runSuitesInProcess(ForkedBooter.java:242)
	at org.apache.maven.surefire.booter.ForkedBooter.main(ForkedBooter.java:121)
</pre></div></td>
<td>1</td>
<td>com.epam.lab.restClient.RESTClientTest@62379589</td></tr>
<tr>
<td title='com.epam.lab.restClient.RESTClientTest.maxForwardDistanceTest()'><b>maxForwardDistanceTest</b><br>Test class: com.epam.lab.restClient.RESTClientTest<br/>
<a href="#Output-176342513" onClick='toggleBox("Output-176342513", this, "Show output", "Hide output");'>Show output</a>

<a href="#Output-176342513" onClick="toggleAllBoxes();">Show all outputs</a>
<div class='log' id="Output-176342513">
<p>[13:56:35 INFO] Test : maxForwardDistanceTest , Method : RESTClientTest.maxForwardDistanceTest()[pri:0, instance:com.epam.lab.restClient.RESTClientTest@62379589], Started in : 2017-11-14 13:56:35  
</p><br/>
<p>[13:56:36 ERROR] Test : maxForwardDistanceTest , Method : RESTClientTest.maxForwardDistanceTest()[pri:0, instance:com.epam.lab.restClient.RESTClientTest@62379589] failed in : 2017-11-14 13:56:36  
</p><br/>
</div>
</td>
<td><div><pre>java.lang.NullPointerException
	at com.epam.lab.restClient.RESTClientTest.maxForwardDistanceTest(RESTClientTest.java:102)
... Removed 28 stack frames</pre></div><a href='#' onClick='toggleBox("stack-trace176342513", this, "Click to show all stack frames", "Click to hide stack frames")'>Click to show all stack frames</a>
<div class='stack-trace' id='stack-trace176342513'><pre>java.lang.NullPointerException
	at com.epam.lab.restClient.RESTClientTest.maxForwardDistanceTest(RESTClientTest.java:102)
	at java.base/jdk.internal.reflect.NativeMethodAccessorImpl.invoke0(Native Method)
	at java.base/jdk.internal.reflect.NativeMethodAccessorImpl.invoke(NativeMethodAccessorImpl.java:62)
	at java.base/jdk.internal.reflect.DelegatingMethodAccessorImpl.invoke(DelegatingMethodAccessorImpl.java:43)
	at java.base/java.lang.reflect.Method.invoke(Method.java:564)
	at org.testng.internal.MethodInvocationHelper.invokeMethod(MethodInvocationHelper.java:108)
	at org.testng.internal.Invoker.invokeMethod(Invoker.java:661)
	at org.testng.internal.Invoker.invokeTestMethod(Invoker.java:869)
	at org.testng.internal.Invoker.invokeTestMethods(Invoker.java:1193)
	at org.testng.internal.TestMethodWorker.invokeTestMethods(TestMethodWorker.java:126)
	at org.testng.internal.TestMethodWorker.run(TestMethodWorker.java:109)
	at org.testng.TestRunner.privateRun(TestRunner.java:744)
	at org.testng.TestRunner.run(TestRunner.java:602)
	at org.testng.SuiteRunner.runTest(SuiteRunner.java:380)
	at org.testng.SuiteRunner.runSequentially(SuiteRunner.java:375)
	at org.testng.SuiteRunner.privateRun(SuiteRunner.java:340)
	at org.testng.SuiteRunner.run(SuiteRunner.java:289)
	at org.testng.SuiteRunnerWorker.runSuite(SuiteRunnerWorker.java:52)
	at org.testng.SuiteRunnerWorker.run(SuiteRunnerWorker.java:86)
	at org.testng.TestNG.runSuitesSequentially(TestNG.java:1301)
	at org.testng.TestNG.runSuitesLocally(TestNG.java:1226)
	at org.testng.TestNG.runSuites(TestNG.java:1144)
	at org.testng.TestNG.run(TestNG.java:1115)
	at org.apache.maven.surefire.testng.TestNGExecutor.run(TestNGExecutor.java:281)
	at org.apache.maven.surefire.testng.TestNGXmlTestSuite.execute(TestNGXmlTestSuite.java:75)
	at org.apache.maven.surefire.testng.TestNGProvider.invoke(TestNGProvider.java:121)
	at org.apache.maven.surefire.booter.ForkedBooter.invokeProviderInSameClassLoader(ForkedBooter.java:290)
	at org.apache.maven.surefire.booter.ForkedBooter.runSuitesInProcess(ForkedBooter.java:242)
	at org.apache.maven.surefire.booter.ForkedBooter.main(ForkedBooter.java:121)
</pre></div></td>
<td>1</td>
<td>com.epam.lab.restClient.RESTClientTest@62379589</td></tr>
<tr>
<td title='com.epam.lab.restClient.RESTClientTest.maxUpRangeTest()'><b>maxUpRangeTest</b><br>Test class: com.epam.lab.restClient.RESTClientTest<br/>
<a href="#Output-682910755" onClick='toggleBox("Output-682910755", this, "Show output", "Hide output");'>Show output</a>

<a href="#Output-682910755" onClick="toggleAllBoxes();">Show all outputs</a>
<div class='log' id="Output-682910755">
<p>[13:56:37 INFO] Test : maxUpRangeTest , Method : RESTClientTest.maxUpRangeTest()[pri:0, instance:com.epam.lab.restClient.RESTClientTest@62379589], Started in : 2017-11-14 13:56:37  
</p><br/>
<p>[13:56:38 ERROR] Test : maxUpRangeTest , Method : RESTClientTest.maxUpRangeTest()[pri:0, instance:com.epam.lab.restClient.RESTClientTest@62379589] failed in : 2017-11-14 13:56:38  
</p><br/>
</div>
</td>
<td><div><pre>java.lang.NullPointerException
	at com.epam.lab.restClient.RESTClientTest.maxUpRangeTest(RESTClientTest.java:77)
... Removed 28 stack frames</pre></div><a href='#' onClick='toggleBox("stack-trace682910755", this, "Click to show all stack frames", "Click to hide stack frames")'>Click to show all stack frames</a>
<div class='stack-trace' id='stack-trace682910755'><pre>java.lang.NullPointerException
	at com.epam.lab.restClient.RESTClientTest.maxUpRangeTest(RESTClientTest.java:77)
	at java.base/jdk.internal.reflect.NativeMethodAccessorImpl.invoke0(Native Method)
	at java.base/jdk.internal.reflect.NativeMethodAccessorImpl.invoke(NativeMethodAccessorImpl.java:62)
	at java.base/jdk.internal.reflect.DelegatingMethodAccessorImpl.invoke(DelegatingMethodAccessorImpl.java:43)
	at java.base/java.lang.reflect.Method.invoke(Method.java:564)
	at org.testng.internal.MethodInvocationHelper.invokeMethod(MethodInvocationHelper.java:108)
	at org.testng.internal.Invoker.invokeMethod(Invoker.java:661)
	at org.testng.internal.Invoker.invokeTestMethod(Invoker.java:869)
	at org.testng.internal.Invoker.invokeTestMethods(Invoker.java:1193)
	at org.testng.internal.TestMethodWorker.invokeTestMethods(TestMethodWorker.java:126)
	at org.testng.internal.TestMethodWorker.run(TestMethodWorker.java:109)
	at org.testng.TestRunner.privateRun(TestRunner.java:744)
	at org.testng.TestRunner.run(TestRunner.java:602)
	at org.testng.SuiteRunner.runTest(SuiteRunner.java:380)
	at org.testng.SuiteRunner.runSequentially(SuiteRunner.java:375)
	at org.testng.SuiteRunner.privateRun(SuiteRunner.java:340)
	at org.testng.SuiteRunner.run(SuiteRunner.java:289)
	at org.testng.SuiteRunnerWorker.runSuite(SuiteRunnerWorker.java:52)
	at org.testng.SuiteRunnerWorker.run(SuiteRunnerWorker.java:86)
	at org.testng.TestNG.runSuitesSequentially(TestNG.java:1301)
	at org.testng.TestNG.runSuitesLocally(TestNG.java:1226)
	at org.testng.TestNG.runSuites(TestNG.java:1144)
	at org.testng.TestNG.run(TestNG.java:1115)
	at org.apache.maven.surefire.testng.TestNGExecutor.run(TestNGExecutor.java:281)
	at org.apache.maven.surefire.testng.TestNGXmlTestSuite.execute(TestNGXmlTestSuite.java:75)
	at org.apache.maven.surefire.testng.TestNGProvider.invoke(TestNGProvider.java:121)
	at org.apache.maven.surefire.booter.ForkedBooter.invokeProviderInSameClassLoader(ForkedBooter.java:290)
	at org.apache.maven.surefire.booter.ForkedBooter.runSuitesInProcess(ForkedBooter.java:242)
	at org.apache.maven.surefire.booter.ForkedBooter.main(ForkedBooter.java:121)
</pre></div></td>
<td>1</td>
<td>com.epam.lab.restClient.RESTClientTest@62379589</td></tr>
<tr>
<td title='com.epam.lab.restClient.RESTClientTest.moveBackTest()'><b>moveBackTest</b><br>Test class: com.epam.lab.restClient.RESTClientTest<br/>
<a href="#Output-1801942731" onClick='toggleBox("Output-1801942731", this, "Show output", "Hide output");'>Show output</a>

<a href="#Output-1801942731" onClick="toggleAllBoxes();">Show all outputs</a>
<div class='log' id="Output-1801942731">
<p>[13:56:39 INFO] Test : moveBackTest , Method : RESTClientTest.moveBackTest()[pri:0, instance:com.epam.lab.restClient.RESTClientTest@62379589], Started in : 2017-11-14 13:56:39  
</p><br/>
<p>[13:56:40 ERROR] Test : moveBackTest , Method : RESTClientTest.moveBackTest()[pri:0, instance:com.epam.lab.restClient.RESTClientTest@62379589] failed in : 2017-11-14 13:56:40  
</p><br/>
</div>
</td>
<td><div><pre>java.lang.AssertionError: expected object to not be null
	at com.epam.lab.restClient.RESTClientTest.moveBackTest(RESTClientTest.java:51)
... Removed 31 stack frames</pre></div><a href='#' onClick='toggleBox("stack-trace1801942731", this, "Click to show all stack frames", "Click to hide stack frames")'>Click to show all stack frames</a>
<div class='stack-trace' id='stack-trace1801942731'><pre>java.lang.AssertionError: expected object to not be null
	at org.testng.Assert.fail(Assert.java:93)
	at org.testng.Assert.assertNotNull(Assert.java:422)
	at org.testng.Assert.assertNotNull(Assert.java:407)
	at com.epam.lab.restClient.RESTClientTest.moveBackTest(RESTClientTest.java:51)
	at java.base/jdk.internal.reflect.NativeMethodAccessorImpl.invoke0(Native Method)
	at java.base/jdk.internal.reflect.NativeMethodAccessorImpl.invoke(NativeMethodAccessorImpl.java:62)
	at java.base/jdk.internal.reflect.DelegatingMethodAccessorImpl.invoke(DelegatingMethodAccessorImpl.java:43)
	at java.base/java.lang.reflect.Method.invoke(Method.java:564)
	at org.testng.internal.MethodInvocationHelper.invokeMethod(MethodInvocationHelper.java:108)
	at org.testng.internal.Invoker.invokeMethod(Invoker.java:661)
	at org.testng.internal.Invoker.invokeTestMethod(Invoker.java:869)
	at org.testng.internal.Invoker.invokeTestMethods(Invoker.java:1193)
	at org.testng.internal.TestMethodWorker.invokeTestMethods(TestMethodWorker.java:126)
	at org.testng.internal.TestMethodWorker.run(TestMethodWorker.java:109)
	at org.testng.TestRunner.privateRun(TestRunner.java:744)
	at org.testng.TestRunner.run(TestRunner.java:602)
	at org.testng.SuiteRunner.runTest(SuiteRunner.java:380)
	at org.testng.SuiteRunner.runSequentially(SuiteRunner.java:375)
	at org.testng.SuiteRunner.privateRun(SuiteRunner.java:340)
	at org.testng.SuiteRunner.run(SuiteRunner.java:289)
	at org.testng.SuiteRunnerWorker.runSuite(SuiteRunnerWorker.java:52)
	at org.testng.SuiteRunnerWorker.run(SuiteRunnerWorker.java:86)
	at org.testng.TestNG.runSuitesSequentially(TestNG.java:1301)
	at org.testng.TestNG.runSuitesLocally(TestNG.java:1226)
	at org.testng.TestNG.runSuites(TestNG.java:1144)
	at org.testng.TestNG.run(TestNG.java:1115)
	at org.apache.maven.surefire.testng.TestNGExecutor.run(TestNGExecutor.java:281)
	at org.apache.maven.surefire.testng.TestNGXmlTestSuite.execute(TestNGXmlTestSuite.java:75)
	at org.apache.maven.surefire.testng.TestNGProvider.invoke(TestNGProvider.java:121)
	at org.apache.maven.surefire.booter.ForkedBooter.invokeProviderInSameClassLoader(ForkedBooter.java:290)
	at org.apache.maven.surefire.booter.ForkedBooter.runSuitesInProcess(ForkedBooter.java:242)
	at org.apache.maven.surefire.booter.ForkedBooter.main(ForkedBooter.java:121)
</pre></div></td>
<td>1</td>
<td>com.epam.lab.restClient.RESTClientTest@62379589</td></tr>
<tr>
<td title='com.epam.lab.restClient.RESTClientTest.moveDownTest()'><b>moveDownTest</b><br>Test class: com.epam.lab.restClient.RESTClientTest<br/>
<a href="#Output-1800976873" onClick='toggleBox("Output-1800976873", this, "Show output", "Hide output");'>Show output</a>

<a href="#Output-1800976873" onClick="toggleAllBoxes();">Show all outputs</a>
<div class='log' id="Output-1800976873">
<p>[13:56:41 INFO] Test : moveDownTest , Method : RESTClientTest.moveDownTest()[pri:0, instance:com.epam.lab.restClient.RESTClientTest@62379589], Started in : 2017-11-14 13:56:41  
</p><br/>
<p>[13:56:42 ERROR] Test : moveDownTest , Method : RESTClientTest.moveDownTest()[pri:0, instance:com.epam.lab.restClient.RESTClientTest@62379589] failed in : 2017-11-14 13:56:42  
</p><br/>
</div>
</td>
<td><div><pre>java.lang.AssertionError: expected object to not be null
	at com.epam.lab.restClient.RESTClientTest.moveDownTest(RESTClientTest.java:60)
... Removed 31 stack frames</pre></div><a href='#' onClick='toggleBox("stack-trace1800976873", this, "Click to show all stack frames", "Click to hide stack frames")'>Click to show all stack frames</a>
<div class='stack-trace' id='stack-trace1800976873'><pre>java.lang.AssertionError: expected object to not be null
	at org.testng.Assert.fail(Assert.java:93)
	at org.testng.Assert.assertNotNull(Assert.java:422)
	at org.testng.Assert.assertNotNull(Assert.java:407)
	at com.epam.lab.restClient.RESTClientTest.moveDownTest(RESTClientTest.java:60)
	at java.base/jdk.internal.reflect.NativeMethodAccessorImpl.invoke0(Native Method)
	at java.base/jdk.internal.reflect.NativeMethodAccessorImpl.invoke(NativeMethodAccessorImpl.java:62)
	at java.base/jdk.internal.reflect.DelegatingMethodAccessorImpl.invoke(DelegatingMethodAccessorImpl.java:43)
	at java.base/java.lang.reflect.Method.invoke(Method.java:564)
	at org.testng.internal.MethodInvocationHelper.invokeMethod(MethodInvocationHelper.java:108)
	at org.testng.internal.Invoker.invokeMethod(Invoker.java:661)
	at org.testng.internal.Invoker.invokeTestMethod(Invoker.java:869)
	at org.testng.internal.Invoker.invokeTestMethods(Invoker.java:1193)
	at org.testng.internal.TestMethodWorker.invokeTestMethods(TestMethodWorker.java:126)
	at org.testng.internal.TestMethodWorker.run(TestMethodWorker.java:109)
	at org.testng.TestRunner.privateRun(TestRunner.java:744)
	at org.testng.TestRunner.run(TestRunner.java:602)
	at org.testng.SuiteRunner.runTest(SuiteRunner.java:380)
	at org.testng.SuiteRunner.runSequentially(SuiteRunner.java:375)
	at org.testng.SuiteRunner.privateRun(SuiteRunner.java:340)
	at org.testng.SuiteRunner.run(SuiteRunner.java:289)
	at org.testng.SuiteRunnerWorker.runSuite(SuiteRunnerWorker.java:52)
	at org.testng.SuiteRunnerWorker.run(SuiteRunnerWorker.java:86)
	at org.testng.TestNG.runSuitesSequentially(TestNG.java:1301)
	at org.testng.TestNG.runSuitesLocally(TestNG.java:1226)
	at org.testng.TestNG.runSuites(TestNG.java:1144)
	at org.testng.TestNG.run(TestNG.java:1115)
	at org.apache.maven.surefire.testng.TestNGExecutor.run(TestNGExecutor.java:281)
	at org.apache.maven.surefire.testng.TestNGXmlTestSuite.execute(TestNGXmlTestSuite.java:75)
	at org.apache.maven.surefire.testng.TestNGProvider.invoke(TestNGProvider.java:121)
	at org.apache.maven.surefire.booter.ForkedBooter.invokeProviderInSameClassLoader(ForkedBooter.java:290)
	at org.apache.maven.surefire.booter.ForkedBooter.runSuitesInProcess(ForkedBooter.java:242)
	at org.apache.maven.surefire.booter.ForkedBooter.main(ForkedBooter.java:121)
</pre></div></td>
<td>1</td>
<td>com.epam.lab.restClient.RESTClientTest@62379589</td></tr>
<tr>
<td title='com.epam.lab.restClient.RESTClientTest.moveForwardTest()'><b>moveForwardTest</b><br>Test class: com.epam.lab.restClient.RESTClientTest<br/>
<a href="#Output-1117871068" onClick='toggleBox("Output-1117871068", this, "Show output", "Hide output");'>Show output</a>

<a href="#Output-1117871068" onClick="toggleAllBoxes();">Show all outputs</a>
<div class='log' id="Output-1117871068">
<p>[13:56:43 INFO] Test : moveForwardTest , Method : RESTClientTest.moveForwardTest()[pri:0, instance:com.epam.lab.restClient.RESTClientTest@62379589], Started in : 2017-11-14 13:56:43  
</p><br/>
<p>[13:56:44 ERROR] Test : moveForwardTest , Method : RESTClientTest.moveForwardTest()[pri:0, instance:com.epam.lab.restClient.RESTClientTest@62379589] failed in : 2017-11-14 13:56:44  
</p><br/>
</div>
</td>
<td><div><pre>java.lang.AssertionError: expected object to not be null
	at com.epam.lab.restClient.RESTClientTest.moveForwardTest(RESTClientTest.java:42)
... Removed 31 stack frames</pre></div><a href='#' onClick='toggleBox("stack-trace1117871068", this, "Click to show all stack frames", "Click to hide stack frames")'>Click to show all stack frames</a>
<div class='stack-trace' id='stack-trace1117871068'><pre>java.lang.AssertionError: expected object to not be null
	at org.testng.Assert.fail(Assert.java:93)
	at org.testng.Assert.assertNotNull(Assert.java:422)
	at org.testng.Assert.assertNotNull(Assert.java:407)
	at com.epam.lab.restClient.RESTClientTest.moveForwardTest(RESTClientTest.java:42)
	at java.base/jdk.internal.reflect.NativeMethodAccessorImpl.invoke0(Native Method)
	at java.base/jdk.internal.reflect.NativeMethodAccessorImpl.invoke(NativeMethodAccessorImpl.java:62)
	at java.base/jdk.internal.reflect.DelegatingMethodAccessorImpl.invoke(DelegatingMethodAccessorImpl.java:43)
	at java.base/java.lang.reflect.Method.invoke(Method.java:564)
	at org.testng.internal.MethodInvocationHelper.invokeMethod(MethodInvocationHelper.java:108)
	at org.testng.internal.Invoker.invokeMethod(Invoker.java:661)
	at org.testng.internal.Invoker.invokeTestMethod(Invoker.java:869)
	at org.testng.internal.Invoker.invokeTestMethods(Invoker.java:1193)
	at org.testng.internal.TestMethodWorker.invokeTestMethods(TestMethodWorker.java:126)
	at org.testng.internal.TestMethodWorker.run(TestMethodWorker.java:109)
	at org.testng.TestRunner.privateRun(TestRunner.java:744)
	at org.testng.TestRunner.run(TestRunner.java:602)
	at org.testng.SuiteRunner.runTest(SuiteRunner.java:380)
	at org.testng.SuiteRunner.runSequentially(SuiteRunner.java:375)
	at org.testng.SuiteRunner.privateRun(SuiteRunner.java:340)
	at org.testng.SuiteRunner.run(SuiteRunner.java:289)
	at org.testng.SuiteRunnerWorker.runSuite(SuiteRunnerWorker.java:52)
	at org.testng.SuiteRunnerWorker.run(SuiteRunnerWorker.java:86)
	at org.testng.TestNG.runSuitesSequentially(TestNG.java:1301)
	at org.testng.TestNG.runSuitesLocally(TestNG.java:1226)
	at org.testng.TestNG.runSuites(TestNG.java:1144)
	at org.testng.TestNG.run(TestNG.java:1115)
	at org.apache.maven.surefire.testng.TestNGExecutor.run(TestNGExecutor.java:281)
	at org.apache.maven.surefire.testng.TestNGXmlTestSuite.execute(TestNGXmlTestSuite.java:75)
	at org.apache.maven.surefire.testng.TestNGProvider.invoke(TestNGProvider.java:121)
	at org.apache.maven.surefire.booter.ForkedBooter.invokeProviderInSameClassLoader(ForkedBooter.java:290)
	at org.apache.maven.surefire.booter.ForkedBooter.runSuitesInProcess(ForkedBooter.java:242)
	at org.apache.maven.surefire.booter.ForkedBooter.main(ForkedBooter.java:121)
</pre></div></td>
<td>1</td>
<td>com.epam.lab.restClient.RESTClientTest@62379589</td></tr>
<tr>
<td title='com.epam.lab.restClient.RESTClientTest.moveUpTest()'><b>moveUpTest</b><br>Test class: com.epam.lab.restClient.RESTClientTest<br/>
<a href="#Output-1263634860" onClick='toggleBox("Output-1263634860", this, "Show output", "Hide output");'>Show output</a>

<a href="#Output-1263634860" onClick="toggleAllBoxes();">Show all outputs</a>
<div class='log' id="Output-1263634860">
<p>[13:56:45 INFO] Test : moveUpTest , Method : RESTClientTest.moveUpTest()[pri:0, instance:com.epam.lab.restClient.RESTClientTest@62379589], Started in : 2017-11-14 13:56:45  
</p><br/>
<p>[13:56:46 ERROR] Test : moveUpTest , Method : RESTClientTest.moveUpTest()[pri:0, instance:com.epam.lab.restClient.RESTClientTest@62379589] failed in : 2017-11-14 13:56:46  
</p><br/>
</div>
</td>
<td><div><pre>java.lang.AssertionError: expected object to not be null
	at com.epam.lab.restClient.RESTClientTest.moveUpTest(RESTClientTest.java:33)
... Removed 31 stack frames</pre></div><a href='#' onClick='toggleBox("stack-trace1263634860", this, "Click to show all stack frames", "Click to hide stack frames")'>Click to show all stack frames</a>
<div class='stack-trace' id='stack-trace1263634860'><pre>java.lang.AssertionError: expected object to not be null
	at org.testng.Assert.fail(Assert.java:93)
	at org.testng.Assert.assertNotNull(Assert.java:422)
	at org.testng.Assert.assertNotNull(Assert.java:407)
	at com.epam.lab.restClient.RESTClientTest.moveUpTest(RESTClientTest.java:33)
	at java.base/jdk.internal.reflect.NativeMethodAccessorImpl.invoke0(Native Method)
	at java.base/jdk.internal.reflect.NativeMethodAccessorImpl.invoke(NativeMethodAccessorImpl.java:62)
	at java.base/jdk.internal.reflect.DelegatingMethodAccessorImpl.invoke(DelegatingMethodAccessorImpl.java:43)
	at java.base/java.lang.reflect.Method.invoke(Method.java:564)
	at org.testng.internal.MethodInvocationHelper.invokeMethod(MethodInvocationHelper.java:108)
	at org.testng.internal.Invoker.invokeMethod(Invoker.java:661)
	at org.testng.internal.Invoker.invokeTestMethod(Invoker.java:869)
	at org.testng.internal.Invoker.invokeTestMethods(Invoker.java:1193)
	at org.testng.internal.TestMethodWorker.invokeTestMethods(TestMethodWorker.java:126)
	at org.testng.internal.TestMethodWorker.run(TestMethodWorker.java:109)
	at org.testng.TestRunner.privateRun(TestRunner.java:744)
	at org.testng.TestRunner.run(TestRunner.java:602)
	at org.testng.SuiteRunner.runTest(SuiteRunner.java:380)
	at org.testng.SuiteRunner.runSequentially(SuiteRunner.java:375)
	at org.testng.SuiteRunner.privateRun(SuiteRunner.java:340)
	at org.testng.SuiteRunner.run(SuiteRunner.java:289)
	at org.testng.SuiteRunnerWorker.runSuite(SuiteRunnerWorker.java:52)
	at org.testng.SuiteRunnerWorker.run(SuiteRunnerWorker.java:86)
	at org.testng.TestNG.runSuitesSequentially(TestNG.java:1301)
	at org.testng.TestNG.runSuitesLocally(TestNG.java:1226)
	at org.testng.TestNG.runSuites(TestNG.java:1144)
	at org.testng.TestNG.run(TestNG.java:1115)
	at org.apache.maven.surefire.testng.TestNGExecutor.run(TestNGExecutor.java:281)
	at org.apache.maven.surefire.testng.TestNGXmlTestSuite.execute(TestNGXmlTestSuite.java:75)
	at org.apache.maven.surefire.testng.TestNGProvider.invoke(TestNGProvider.java:121)
	at org.apache.maven.surefire.booter.ForkedBooter.invokeProviderInSameClassLoader(ForkedBooter.java:290)
	at org.apache.maven.surefire.booter.ForkedBooter.runSuitesInProcess(ForkedBooter.java:242)
	at org.apache.maven.surefire.booter.ForkedBooter.main(ForkedBooter.java:121)
</pre></div></td>
<td>1</td>
<td>com.epam.lab.restClient.RESTClientTest@62379589</td></tr>
<tr>
<td title='com.epam.lab.restClient.RESTClientTest.stopTest()'><b>stopTest</b><br>Test class: com.epam.lab.restClient.RESTClientTest<br/>
<a href="#Output-110651474" onClick='toggleBox("Output-110651474", this, "Show output", "Hide output");'>Show output</a>

<a href="#Output-110651474" onClick="toggleAllBoxes();">Show all outputs</a>
<div class='log' id="Output-110651474">
<p>[13:56:47 INFO] Test : stopTest , Method : RESTClientTest.stopTest()[pri:0, instance:com.epam.lab.restClient.RESTClientTest@62379589], Started in : 2017-11-14 13:56:47  
</p><br/>
<p>[13:56:48 ERROR] Test : stopTest , Method : RESTClientTest.stopTest()[pri:0, instance:com.epam.lab.restClient.RESTClientTest@62379589] failed in : 2017-11-14 13:56:48  
</p><br/>
</div>
</td>
<td><div><pre>java.lang.AssertionError: expected object to not be null
	at com.epam.lab.restClient.RESTClientTest.stopTest(RESTClientTest.java:69)
... Removed 31 stack frames</pre></div><a href='#' onClick='toggleBox("stack-trace110651474", this, "Click to show all stack frames", "Click to hide stack frames")'>Click to show all stack frames</a>
<div class='stack-trace' id='stack-trace110651474'><pre>java.lang.AssertionError: expected object to not be null
	at org.testng.Assert.fail(Assert.java:93)
	at org.testng.Assert.assertNotNull(Assert.java:422)
	at org.testng.Assert.assertNotNull(Assert.java:407)
	at com.epam.lab.restClient.RESTClientTest.stopTest(RESTClientTest.java:69)
	at java.base/jdk.internal.reflect.NativeMethodAccessorImpl.invoke0(Native Method)
	at java.base/jdk.internal.reflect.NativeMethodAccessorImpl.invoke(NativeMethodAccessorImpl.java:62)
	at java.base/jdk.internal.reflect.DelegatingMethodAccessorImpl.invoke(DelegatingMethodAccessorImpl.java:43)
	at java.base/java.lang.reflect.Method.invoke(Method.java:564)
	at org.testng.internal.MethodInvocationHelper.invokeMethod(MethodInvocationHelper.java:108)
	at org.testng.internal.Invoker.invokeMethod(Invoker.java:661)
	at org.testng.internal.Invoker.invokeTestMethod(Invoker.java:869)
	at org.testng.internal.Invoker.invokeTestMethods(Invoker.java:1193)
	at org.testng.internal.TestMethodWorker.invokeTestMethods(TestMethodWorker.java:126)
	at org.testng.internal.TestMethodWorker.run(TestMethodWorker.java:109)
	at org.testng.TestRunner.privateRun(TestRunner.java:744)
	at org.testng.TestRunner.run(TestRunner.java:602)
	at org.testng.SuiteRunner.runTest(SuiteRunner.java:380)
	at org.testng.SuiteRunner.runSequentially(SuiteRunner.java:375)
	at org.testng.SuiteRunner.privateRun(SuiteRunner.java:340)
	at org.testng.SuiteRunner.run(SuiteRunner.java:289)
	at org.testng.SuiteRunnerWorker.runSuite(SuiteRunnerWorker.java:52)
	at org.testng.SuiteRunnerWorker.run(SuiteRunnerWorker.java:86)
	at org.testng.TestNG.runSuitesSequentially(TestNG.java:1301)
	at org.testng.TestNG.runSuitesLocally(TestNG.java:1226)
	at org.testng.TestNG.runSuites(TestNG.java:1144)
	at org.testng.TestNG.run(TestNG.java:1115)
	at org.apache.maven.surefire.testng.TestNGExecutor.run(TestNGExecutor.java:281)
	at org.apache.maven.surefire.testng.TestNGXmlTestSuite.execute(TestNGXmlTestSuite.java:75)
	at org.apache.maven.surefire.testng.TestNGProvider.invoke(TestNGProvider.java:121)
	at org.apache.maven.surefire.booter.ForkedBooter.invokeProviderInSameClassLoader(ForkedBooter.java:290)
	at org.apache.maven.surefire.booter.ForkedBooter.runSuitesInProcess(ForkedBooter.java:242)
	at org.apache.maven.surefire.booter.ForkedBooter.main(ForkedBooter.java:121)
</pre></div></td>
<td>1</td>
<td>com.epam.lab.restClient.RESTClientTest@62379589</td></tr>
</table><p>
</body>
</html>