<?xml version="1.0" encoding="UTF-8"?>
<!-- Generated by org.testng.reporters.JUnitReportReporter -->
<testsuite hostname="EPUALVIW1030" failures="0" tests="10" name="com.epam.lab.soapClient.SOAPClientTest" time="0.002" errors="1" timestamp="14 Nov 2017 11:56:48 GMT" skipped="9">
  <testcase classname="com.epam.lab.soapClient.SOAPClientTest" name="moveUpTest" time="0.000">
    <skipped/>
  </testcase> <!-- moveUpTest -->
  <testcase classname="com.epam.lab.soapClient.SOAPClientTest" name="moveDownTest" time="0.000">
    <skipped/>
  </testcase> <!-- moveDownTest -->
  <testcase classname="com.epam.lab.soapClient.SOAPClientTest" name="maxBackDistanceTest" time="0.000">
    <skipped/>
  </testcase> <!-- maxBackDistanceTest -->
  <testcase classname="com.epam.lab.soapClient.SOAPClientTest" name="maxUpRangeTest" time="0.000">
    <skipped/>
  </testcase> <!-- maxUpRangeTest -->
  <testcase classname="com.epam.lab.soapClient.SOAPClientTest" name="maxForwardDistanceTest" time="0.000">
    <skipped/>
  </testcase> <!-- maxForwardDistanceTest -->
  <testcase classname="com.epam.lab.soapClient.SOAPClientTest" name="stopTest" time="0.000">
    <skipped/>
  </testcase> <!-- stopTest -->
  <testcase classname="com.epam.lab.soapClient.SOAPClientTest" name="moveBackTest" time="0.000">
    <skipped/>
  </testcase> <!-- moveBackTest -->
  <testcase classname="com.epam.lab.soapClient.SOAPClientTest" name="maxDownRangeTest" time="0.000">
    <skipped/>
  </testcase> <!-- maxDownRangeTest -->
  <testcase classname="com.epam.lab.soapClient.SOAPClientTest" name="setUp" time="0.002">
    <error message="javax/xml/ws/Service" type="java.lang.NoClassDefFoundError">
      <![CDATA[java.lang.NoClassDefFoundError: javax/xml/ws/Service
	at java.base/java.lang.ClassLoader.defineClass1(Native Method)
	at java.base/java.lang.ClassLoader.defineClass(ClassLoader.java:1007)
	at java.base/java.security.SecureClassLoader.defineClass(SecureClassLoader.java:174)
	at java.base/jdk.internal.loader.BuiltinClassLoader.defineClass(BuiltinClassLoader.java:801)
	at java.base/jdk.internal.loader.BuiltinClassLoader.findClassOnClassPathOrNull(BuiltinClassLoader.java:699)
	at java.base/jdk.internal.loader.BuiltinClassLoader.loadClassOrNull(BuiltinClassLoader.java:622)
	at java.base/jdk.internal.loader.BuiltinClassLoader.loadClass(BuiltinClassLoader.java:580)
	at java.base/jdk.internal.loader.ClassLoaders$AppClassLoader.loadClass(ClassLoaders.java:185)
	at java.base/java.lang.ClassLoader.loadClass(ClassLoader.java:496)
	at com.epam.lab.factory.ClientSelector.getClient(ClientSelector.java:15)
	at com.epam.lab.soapClient.SOAPClientTest.setUp(SOAPClientTest.java:22)
	at java.base/jdk.internal.reflect.NativeMethodAccessorImpl.invoke0(Native Method)
	at java.base/jdk.internal.reflect.NativeMethodAccessorImpl.invoke(NativeMethodAccessorImpl.java:62)
	at java.base/jdk.internal.reflect.DelegatingMethodAccessorImpl.invoke(DelegatingMethodAccessorImpl.java:43)
	at java.base/java.lang.reflect.Method.invoke(Method.java:564)
	at org.testng.internal.MethodInvocationHelper.invokeMethod(MethodInvocationHelper.java:108)
	at org.testng.internal.Invoker.invokeConfigurationMethod(Invoker.java:523)
	at org.testng.internal.Invoker.invokeConfigurations(Invoker.java:224)
	at org.testng.internal.Invoker.invokeConfigurations(Invoker.java:146)
	at org.testng.internal.TestMethodWorker.invokeBeforeClassMethods(TestMethodWorker.java:166)
	at org.testng.internal.TestMethodWorker.run(TestMethodWorker.java:105)
	at org.testng.TestRunner.privateRun(TestRunner.java:744)
	at org.testng.TestRunner.run(TestRunner.java:602)
	at org.testng.SuiteRunner.runTest(SuiteRunner.java:380)
	at org.testng.SuiteRunner.runSequentially(SuiteRunner.java:375)
	at org.testng.SuiteRunner.privateRun(SuiteRunner.java:340)
	at org.testng.SuiteRunner.run(SuiteRunner.java:289)
	at org.testng.SuiteRunnerWorker.runSuite(SuiteRunnerWorker.java:52)
	at org.testng.SuiteRunnerWorker.run(SuiteRunnerWorker.java:86)
	at org.testng.TestNG.runSuitesSequentially(TestNG.java:1301)
	at org.testng.TestNG.runSuitesLocally(TestNG.java:1226)
	at org.testng.TestNG.runSuites(TestNG.java:1144)
	at org.testng.TestNG.run(TestNG.java:1115)
	at org.apache.maven.surefire.testng.TestNGExecutor.run(TestNGExecutor.java:281)
	at org.apache.maven.surefire.testng.TestNGXmlTestSuite.execute(TestNGXmlTestSuite.java:75)
	at org.apache.maven.surefire.testng.TestNGProvider.invoke(TestNGProvider.java:121)
	at org.apache.maven.surefire.booter.ForkedBooter.invokeProviderInSameClassLoader(ForkedBooter.java:290)
	at org.apache.maven.surefire.booter.ForkedBooter.runSuitesInProcess(ForkedBooter.java:242)
	at org.apache.maven.surefire.booter.ForkedBooter.main(ForkedBooter.java:121)
Caused by: java.lang.ClassNotFoundException: javax.xml.ws.Service
	at java.base/jdk.internal.loader.BuiltinClassLoader.loadClass(BuiltinClassLoader.java:582)
	at java.base/jdk.internal.loader.ClassLoaders$AppClassLoader.loadClass(ClassLoaders.java:185)
	at java.base/java.lang.ClassLoader.loadClass(ClassLoader.java:496)
	... 39 more
]]>
    </error>
  </testcase> <!-- setUp -->
  <testcase classname="com.epam.lab.soapClient.SOAPClientTest" name="moveForwardTest" time="0.000">
    <skipped/>
  </testcase> <!-- moveForwardTest -->
</testsuite> <!-- com.epam.lab.soapClient.SOAPClientTest -->
